\BOOKMARK [0][-]{chapter.1}{Introduction}{}% 1
\BOOKMARK [-1][-]{part.1}{I Set theory}{}% 2
\BOOKMARK [0][-]{chapter.2}{Set theory}{part.1}% 3
\BOOKMARK [1][-]{section.2.1}{Set operations}{chapter.2}% 4
\BOOKMARK [2][-]{subsection.2.1.1}{Difference}{section.2.1}% 5
\BOOKMARK [2][-]{subsection.2.1.2}{Complement}{section.2.1}% 6
\BOOKMARK [1][-]{section.2.2}{Ordered sets}{chapter.2}% 7
\BOOKMARK [2][-]{subsection.2.2.1}{Posets}{section.2.2}% 8
\BOOKMARK [2][-]{subsection.2.2.2}{Lattices}{section.2.2}% 9
\BOOKMARK [2][-]{subsection.2.2.3}{Bounded sets}{section.2.2}% 10
\BOOKMARK [2][-]{subsection.2.2.4}{Ordered field}{section.2.2}% 11
\BOOKMARK [2][-]{subsection.2.2.5}{Real numbers}{section.2.2}% 12
\BOOKMARK [2][-]{subsection.2.2.6}{Filter}{section.2.2}% 13
\BOOKMARK [1][-]{section.2.3}{Algebra of sets}{chapter.2}% 14
\BOOKMARK [2][-]{subsection.2.3.1}{ -algebra}{section.2.3}% 15
\BOOKMARK [2][-]{subsection.2.3.2}{Monotone class}{section.2.3}% 16
\BOOKMARK [1][-]{section.2.4}{Groups}{chapter.2}% 17
\BOOKMARK [2][-]{subsection.2.4.1}{Group}{section.2.4}% 18
\BOOKMARK [2][-]{subsection.2.4.2}{Symmetric and alternating groups}{section.2.4}% 19
\BOOKMARK [2][-]{subsection.2.4.3}{Direct product}{section.2.4}% 20
\BOOKMARK [2][-]{subsection.2.4.4}{Free groups}{section.2.4}% 21
\BOOKMARK [2][-]{subsection.2.4.5}{Group presentations}{section.2.4}% 22
\BOOKMARK [2][-]{subsection.2.4.6}{Group actions}{section.2.4}% 23
\BOOKMARK [1][-]{section.2.5}{Rings}{chapter.2}% 24
\BOOKMARK [2][-]{subsection.2.5.1}{Ideal}{section.2.5}% 25
\BOOKMARK [2][-]{subsection.2.5.2}{Graded ring}{section.2.5}% 26
\BOOKMARK [1][-]{section.2.6}{Vector spaces \046 algebras}{chapter.2}% 27
\BOOKMARK [1][-]{section.2.7}{Algebraic structures}{chapter.2}% 28
\BOOKMARK [2][-]{subsection.2.7.1}{Direct systems}{section.2.7}% 29
\BOOKMARK [2][-]{subsection.2.7.2}{Exact sequences}{section.2.7}% 30
\BOOKMARK [1][-]{section.2.8}{Functions}{chapter.2}% 31
\BOOKMARK [2][-]{subsection.2.8.1}{Domain}{section.2.8}% 32
\BOOKMARK [2][-]{subsection.2.8.2}{Codomain}{section.2.8}% 33
\BOOKMARK [1][-]{section.2.9}{Integers}{chapter.2}% 34
\BOOKMARK [2][-]{subsection.2.9.1}{Partition}{section.2.9}% 35
\BOOKMARK [2][-]{subsection.2.9.2}{Superpartition}{section.2.9}% 36
\BOOKMARK [0][-]{chapter.3}{Metric spaces}{part.1}% 37
\BOOKMARK [1][-]{section.3.1}{General definitions}{chapter.3}% 38
\BOOKMARK [1][-]{section.3.2}{Constructions}{chapter.3}% 39
\BOOKMARK [0][-]{chapter.4}{Topology}{part.1}% 40
\BOOKMARK [1][-]{section.4.1}{Topological spaces}{chapter.4}% 41
\BOOKMARK [1][-]{section.4.2}{Neighbourhoods}{chapter.4}% 42
\BOOKMARK [2][-]{subsection.4.2.1}{Separation axioms}{section.4.2}% 43
\BOOKMARK [1][-]{section.4.3}{Convergence and continuity}{chapter.4}% 44
\BOOKMARK [2][-]{subsection.4.3.1}{Homeomorphisms}{section.4.3}% 45
\BOOKMARK [2][-]{subsection.4.3.2}{Metrizable spaces}{section.4.3}% 46
\BOOKMARK [1][-]{section.4.4}{Connectedness}{chapter.4}% 47
\BOOKMARK [1][-]{section.4.5}{Compactness}{chapter.4}% 48
\BOOKMARK [2][-]{subsection.4.5.1}{Compactifications}{section.4.5}% 49
\BOOKMARK [2][-]{subsection.4.5.2}{Compactness in metric spaces}{section.4.5}% 50
\BOOKMARK [1][-]{section.4.6}{Completeness}{chapter.4}% 51
\BOOKMARK [1][-]{section.4.7}{Homotopy theory}{chapter.4}% 52
\BOOKMARK [2][-]{subsection.4.7.1}{Fundamental group}{section.4.7}% 53
\BOOKMARK [1][-]{section.4.8}{Homology and Cohomology}{chapter.4}% 54
\BOOKMARK [2][-]{subsection.4.8.1}{Simplexes}{section.4.8}% 55
\BOOKMARK [2][-]{subsection.4.8.2}{Simplicial homology}{section.4.8}% 56
\BOOKMARK [2][-]{subsection.4.8.3}{Relative homology}{section.4.8}% 57
\BOOKMARK [2][-]{subsection.4.8.4}{Singular homology}{section.4.8}% 58
\BOOKMARK [2][-]{subsection.4.8.5}{Examples}{section.4.8}% 59
\BOOKMARK [2][-]{subsection.4.8.6}{Axiomatic approach}{section.4.8}% 60
\BOOKMARK [1][-]{section.4.9}{Sheaf theory}{chapter.4}% 61
\BOOKMARK [2][-]{subsection.4.9.1}{Sheafs}{section.4.9}% 62
\BOOKMARK [2][-]{subsection.4.9.2}{Presheafes}{section.4.9}% 63
\BOOKMARK [2][-]{subsection.4.9.3}{Sections}{section.4.9}% 64
\BOOKMARK [-1][-]{part.2}{II Calculus}{}% 65
\BOOKMARK [0][-]{chapter.5}{Calculus}{part.2}% 66
\BOOKMARK [1][-]{section.5.1}{Sequences}{chapter.5}% 67
\BOOKMARK [1][-]{section.5.2}{Continuity}{chapter.5}% 68
\BOOKMARK [1][-]{section.5.3}{Convergence}{chapter.5}% 69
\BOOKMARK [1][-]{section.5.4}{Derivative}{chapter.5}% 70
\BOOKMARK [2][-]{subsection.5.4.1}{Single variable}{section.5.4}% 71
\BOOKMARK [1][-]{section.5.5}{Riemann integral}{chapter.5}% 72
\BOOKMARK [1][-]{section.5.6}{Fundamental theorems}{chapter.5}% 73
\BOOKMARK [1][-]{section.5.7}{Taylor expansion}{chapter.5}% 74
\BOOKMARK [2][-]{subsection.5.7.1}{Examples}{section.5.7}% 75
\BOOKMARK [1][-]{section.5.8}{Euler integrals}{chapter.5}% 76
\BOOKMARK [2][-]{subsection.5.8.1}{Euler integral of the first kind}{section.5.8}% 77
\BOOKMARK [2][-]{subsection.5.8.2}{Euler integral of the second kind}{section.5.8}% 78
\BOOKMARK [0][-]{chapter.6}{Series}{part.2}% 79
\BOOKMARK [1][-]{section.6.1}{Convergence tests}{chapter.6}% 80
\BOOKMARK [2][-]{subsection.6.1.1}{Comparison test}{section.6.1}% 81
\BOOKMARK [2][-]{subsection.6.1.2}{Integral test}{section.6.1}% 82
\BOOKMARK [2][-]{subsection.6.1.3}{Ratio test}{section.6.1}% 83
\BOOKMARK [2][-]{subsection.6.1.4}{Root test}{section.6.1}% 84
\BOOKMARK [2][-]{subsection.6.1.5}{Gauss's test}{section.6.1}% 85
\BOOKMARK [1][-]{section.6.2}{Asymptotic expansions}{chapter.6}% 86
\BOOKMARK [0][-]{chapter.7}{Complex calculus}{part.2}% 87
\BOOKMARK [1][-]{section.7.1}{Complex algebra}{chapter.7}% 88
\BOOKMARK [1][-]{section.7.2}{Holomorphic functions}{chapter.7}% 89
\BOOKMARK [1][-]{section.7.3}{Complex integrals}{chapter.7}% 90
\BOOKMARK [1][-]{section.7.4}{Laurent series}{chapter.7}% 91
\BOOKMARK [1][-]{section.7.5}{Analytic continuation}{chapter.7}% 92
\BOOKMARK [1][-]{section.7.6}{Singularities}{chapter.7}% 93
\BOOKMARK [2][-]{subsection.7.6.1}{Poles}{section.7.6}% 94
\BOOKMARK [2][-]{subsection.7.6.2}{Branch cuts}{section.7.6}% 95
\BOOKMARK [2][-]{subsection.7.6.3}{Residue theorem}{section.7.6}% 96
\BOOKMARK [1][-]{section.7.7}{Limit theorems}{chapter.7}% 97
\BOOKMARK [0][-]{chapter.8}{Measure theory and Lebesgue integration}{part.2}% 98
\BOOKMARK [1][-]{section.8.1}{Measure}{chapter.8}% 99
\BOOKMARK [2][-]{subsection.8.1.1}{General definitions}{section.8.1}% 100
\BOOKMARK [2][-]{subsection.8.1.2}{Lebesgue measure}{section.8.1}% 101
\BOOKMARK [2][-]{subsection.8.1.3}{Measurable functions}{section.8.1}% 102
\BOOKMARK [2][-]{subsection.8.1.4}{Limit operations}{section.8.1}% 103
\BOOKMARK [1][-]{section.8.2}{Lebesgue integral}{chapter.8}% 104
\BOOKMARK [2][-]{subsection.8.2.1}{Simple functions}{section.8.2}% 105
\BOOKMARK [2][-]{subsection.8.2.2}{Measurable functions}{section.8.2}% 106
\BOOKMARK [2][-]{subsection.8.2.3}{Integrable functions}{section.8.2}% 107
\BOOKMARK [2][-]{subsection.8.2.4}{Convergence theorems}{section.8.2}% 108
\BOOKMARK [2][-]{subsection.8.2.5}{Relation to the Riemann integral}{section.8.2}% 109
\BOOKMARK [1][-]{section.8.3}{Examples}{chapter.8}% 110
\BOOKMARK [1][-]{section.8.4}{Space of integrable functions}{chapter.8}% 111
\BOOKMARK [2][-]{subsection.8.4.1}{Distance}{section.8.4}% 112
\BOOKMARK [2][-]{subsection.8.4.2}{Hilbert space \040}{section.8.4}% 113
\BOOKMARK [2][-]{subsection.8.4.3}{ \040spaces}{section.8.4}% 114
\BOOKMARK [2][-]{subsection.8.4.4}{ \040space of essentially bounded measurable functions}{section.8.4}% 115
\BOOKMARK [1][-]{section.8.5}{Product measures}{chapter.8}% 116
\BOOKMARK [2][-]{subsection.8.5.1}{Real hyperspace \040}{section.8.5}% 117
\BOOKMARK [2][-]{subsection.8.5.2}{Construction of the product measure}{section.8.5}% 118
\BOOKMARK [2][-]{subsection.8.5.3}{Fubini's theorem}{section.8.5}% 119
\BOOKMARK [1][-]{section.8.6}{Radon-Nikodym theorem}{chapter.8}% 120
\BOOKMARK [1][-]{section.8.7}{Lebesgue-Stieltjes measure}{chapter.8}% 121
\BOOKMARK [0][-]{chapter.9}{Integral transforms}{part.2}% 122
\BOOKMARK [1][-]{section.9.1}{Fourier series}{chapter.9}% 123
\BOOKMARK [1][-]{section.9.2}{Fourier transform}{chapter.9}% 124
\BOOKMARK [2][-]{subsection.9.2.1}{Convolution}{section.9.2}% 125
\BOOKMARK [1][-]{section.9.3}{Laplace transform}{chapter.9}% 126
\BOOKMARK [1][-]{section.9.4}{Mellin transform}{chapter.9}% 127
\BOOKMARK [1][-]{section.9.5}{Integral representations}{chapter.9}% 128
\BOOKMARK [0][-]{chapter.10}{Distributions}{part.2}% 129
\BOOKMARK [1][-]{section.10.1}{Generalized function}{chapter.10}% 130
\BOOKMARK [1][-]{section.10.2}{Dirac Delta distribution}{chapter.10}% 131
\BOOKMARK [1][-]{section.10.3}{Fourier transform}{chapter.10}% 132
\BOOKMARK [0][-]{chapter.11}{Ordinary differential equations}{part.2}% 133
\BOOKMARK [1][-]{section.11.1}{Boundary conditions}{chapter.11}% 134
\BOOKMARK [2][-]{subsection.11.1.1}{Periodic boundary conditions}{section.11.1}% 135
\BOOKMARK [2][-]{subsection.11.1.2}{Dirichlet boundary conditions}{section.11.1}% 136
\BOOKMARK [2][-]{subsection.11.1.3}{Neumann boundary conditions}{section.11.1}% 137
\BOOKMARK [1][-]{section.11.2}{First order ODE's}{chapter.11}% 138
\BOOKMARK [1][-]{section.11.3}{Second order ODE's}{chapter.11}% 139
\BOOKMARK [2][-]{subsection.11.3.1}{General solution}{section.11.3}% 140
\BOOKMARK [2][-]{subsection.11.3.2}{Constant coefficients}{section.11.3}% 141
\BOOKMARK [2][-]{subsection.11.3.3}{Method of Frobenius}{section.11.3}% 142
\BOOKMARK [1][-]{section.11.4}{Sturm-Liouville theory}{chapter.11}% 143
\BOOKMARK [0][-]{chapter.12}{Partial differential equations}{part.2}% 144
\BOOKMARK [1][-]{section.12.1}{General linear equations}{chapter.12}% 145
\BOOKMARK [1][-]{section.12.2}{First order PDE}{chapter.12}% 146
\BOOKMARK [1][-]{section.12.3}{Characteristics}{chapter.12}% 147
\BOOKMARK [2][-]{subsection.12.3.1}{D'Alemberts method}{section.12.3}% 148
\BOOKMARK [1][-]{section.12.4}{Separation of variables}{chapter.12}% 149
\BOOKMARK [2][-]{subsection.12.4.1}{Cartesian coordinates}{section.12.4}% 150
\BOOKMARK [2][-]{subsection.12.4.2}{Dirichlet problem}{section.12.4}% 151
\BOOKMARK [1][-]{section.12.5}{Non-homogeneous boundary conditions}{chapter.12}% 152
\BOOKMARK [0][-]{chapter.13}{Bessel functions}{part.2}% 153
\BOOKMARK [1][-]{section.13.1}{Bessel's differential equation \(BDE\)}{chapter.13}% 154
\BOOKMARK [1][-]{section.13.2}{Generating function}{chapter.13}% 155
\BOOKMARK [1][-]{section.13.3}{Applications}{chapter.13}% 156
\BOOKMARK [2][-]{subsection.13.3.1}{Laplace equation}{section.13.3}% 157
\BOOKMARK [2][-]{subsection.13.3.2}{Helmholtz equation}{section.13.3}% 158
\BOOKMARK [-1][-]{part.3}{III Vectors \046 tensors}{}% 159
\BOOKMARK [0][-]{chapter.14}{Linear Algebra}{part.3}% 160
\BOOKMARK [1][-]{section.14.1}{General}{chapter.14}% 161
\BOOKMARK [2][-]{subsection.14.1.1}{Polynomes}{section.14.1}% 162
\BOOKMARK [1][-]{section.14.2}{Vector spaces}{chapter.14}% 163
\BOOKMARK [2][-]{subsection.14.2.1}{Subspaces}{section.14.2}% 164
\BOOKMARK [2][-]{subsection.14.2.2}{Algebra}{section.14.2}% 165
\BOOKMARK [2][-]{subsection.14.2.3}{Sum and direct sum}{section.14.2}% 166
\BOOKMARK [2][-]{subsection.14.2.4}{Graded vector space}{section.14.2}% 167
\BOOKMARK [1][-]{section.14.3}{Linear maps}{chapter.14}% 168
\BOOKMARK [2][-]{subsection.14.3.1}{Linear operator}{section.14.3}% 169
\BOOKMARK [2][-]{subsection.14.3.2}{Dimension}{section.14.3}% 170
\BOOKMARK [2][-]{subsection.14.3.3}{Homomorphisms}{section.14.3}% 171
\BOOKMARK [2][-]{subsection.14.3.4}{Dual space}{section.14.3}% 172
\BOOKMARK [2][-]{subsection.14.3.5}{Convex functions}{section.14.3}% 173
\BOOKMARK [1][-]{section.14.4}{Inner product}{chapter.14}% 174
\BOOKMARK [2][-]{subsection.14.4.1}{Inner product space}{section.14.4}% 175
\BOOKMARK [2][-]{subsection.14.4.2}{Orthogonality}{section.14.4}% 176
\BOOKMARK [2][-]{subsection.14.4.3}{Angle}{section.14.4}% 177
\BOOKMARK [1][-]{section.14.5}{Matrices}{chapter.14}% 178
\BOOKMARK [2][-]{subsection.14.5.1}{System of equations}{section.14.5}% 179
\BOOKMARK [2][-]{subsection.14.5.2}{Coordinates and matrix representations}{section.14.5}% 180
\BOOKMARK [2][-]{subsection.14.5.3}{Coordinate transforms}{section.14.5}% 181
\BOOKMARK [2][-]{subsection.14.5.4}{Determinant}{section.14.5}% 182
\BOOKMARK [2][-]{subsection.14.5.5}{Characteristic polynomial}{section.14.5}% 183
\BOOKMARK [2][-]{subsection.14.5.6}{Linear groups}{section.14.5}% 184
\BOOKMARK [1][-]{section.14.6}{Eigenvectors}{chapter.14}% 185
\BOOKMARK [2][-]{subsection.14.6.1}{Diagonalization}{section.14.6}% 186
\BOOKMARK [1][-]{section.14.7}{Euclidean space \040}{chapter.14}% 187
\BOOKMARK [2][-]{subsection.14.7.1}{Angle}{section.14.7}% 188
\BOOKMARK [2][-]{subsection.14.7.2}{Vector product}{section.14.7}% 189
\BOOKMARK [0][-]{chapter.15}{Vector calculus}{part.3}% 190
\BOOKMARK [1][-]{section.15.1}{Nabla-operator}{chapter.15}% 191
\BOOKMARK [2][-]{subsection.15.1.1}{Laplacian}{section.15.1}% 192
\BOOKMARK [2][-]{subsection.15.1.2}{Mixed properties}{section.15.1}% 193
\BOOKMARK [2][-]{subsection.15.1.3}{Helmholtz decomposition}{section.15.1}% 194
\BOOKMARK [1][-]{section.15.2}{Line integrals}{chapter.15}% 195
\BOOKMARK [1][-]{section.15.3}{Integral theorems}{chapter.15}% 196
\BOOKMARK [1][-]{section.15.4}{Curvilinear coordinates}{chapter.15}% 197
\BOOKMARK [0][-]{chapter.16}{Banach spaces and Hilbert spaces}{part.3}% 198
\BOOKMARK [1][-]{section.16.1}{Banach spaces}{chapter.16}% 199
\BOOKMARK [2][-]{subsection.16.1.1}{Bounded operators}{section.16.1}% 200
\BOOKMARK [2][-]{subsection.16.1.2}{Theorems}{section.16.1}% 201
\BOOKMARK [2][-]{subsection.16.1.3}{Spectrum}{section.16.1}% 202
\BOOKMARK [1][-]{section.16.2}{Hilbert space}{chapter.16}% 203
\BOOKMARK [2][-]{subsection.16.2.1}{Inner products and norms}{section.16.2}% 204
\BOOKMARK [2][-]{subsection.16.2.2}{Generalized Fourier series}{section.16.2}% 205
\BOOKMARK [2][-]{subsection.16.2.3}{Complete sets}{section.16.2}% 206
\BOOKMARK [2][-]{subsection.16.2.4}{Orthogonality and projections}{section.16.2}% 207
\BOOKMARK [2][-]{subsection.16.2.5}{Separable Hilbert spaces}{section.16.2}% 208
\BOOKMARK [2][-]{subsection.16.2.6}{Compact operators}{section.16.2}% 209
\BOOKMARK [2][-]{subsection.16.2.7}{Linear functionals}{section.16.2}% 210
\BOOKMARK [0][-]{chapter.17}{Operator algebras}{part.3}% 211
\BOOKMARK [1][-]{section.17.1}{Involutive algebras}{chapter.17}% 212
\BOOKMARK [1][-]{section.17.2}{Cstar-algebras}{chapter.17}% 213
\BOOKMARK [0][-]{chapter.18}{Tensor calculus}{part.3}% 214
\BOOKMARK [1][-]{section.18.1}{General definition}{chapter.18}% 215
\BOOKMARK [2][-]{subsection.18.1.1}{Second-order tensors}{section.18.1}% 216
\BOOKMARK [2][-]{subsection.18.1.2}{Transformation}{section.18.1}% 217
\BOOKMARK [1][-]{section.18.2}{Tensor product}{chapter.18}% 218
\BOOKMARK [2][-]{subsection.18.2.1}{Tensor product}{section.18.2}% 219
\BOOKMARK [2][-]{subsection.18.2.2}{General operations}{section.18.2}% 220
\BOOKMARK [2][-]{subsection.18.2.3}{Differentiation}{section.18.2}% 221
\BOOKMARK [2][-]{subsection.18.2.4}{Levi-Civita tensor}{section.18.2}% 222
\BOOKMARK [1][-]{section.18.3}{\(Anti\)symmetric tensors}{chapter.18}% 223
\BOOKMARK [2][-]{subsection.18.3.1}{Symmetric tensors}{section.18.3}% 224
\BOOKMARK [2][-]{subsection.18.3.2}{Antisymmetric tensors}{section.18.3}% 225
\BOOKMARK [2][-]{subsection.18.3.3}{Wedge product}{section.18.3}% 226
\BOOKMARK [2][-]{subsection.18.3.4}{Exterior algebra}{section.18.3}% 227
\BOOKMARK [2][-]{subsection.18.3.5}{Hodge star}{section.18.3}% 228
\BOOKMARK [2][-]{subsection.18.3.6}{Grassmann numbers}{section.18.3}% 229
\BOOKMARK [0][-]{chapter.19}{Clifford Algebra}{part.3}% 230
\BOOKMARK [1][-]{section.19.1}{Clifford algebra}{chapter.19}% 231
\BOOKMARK [1][-]{section.19.2}{Geometric algebra}{chapter.19}% 232
\BOOKMARK [1][-]{section.19.3}{Pin group}{chapter.19}% 233
\BOOKMARK [2][-]{subsection.19.3.1}{Clifford group}{section.19.3}% 234
\BOOKMARK [2][-]{subsection.19.3.2}{Pin and Spin groups}{section.19.3}% 235
\BOOKMARK [-1][-]{part.4}{IV Differential geometry}{}% 236
\BOOKMARK [0][-]{chapter.20}{Curves and Surfaces}{part.4}% 237
\BOOKMARK [1][-]{section.20.1}{Curves}{chapter.20}% 238
\BOOKMARK [2][-]{subsection.20.1.1}{Arc length}{section.20.1}% 239
\BOOKMARK [2][-]{subsection.20.1.2}{Frenet-Serret frame}{section.20.1}% 240
\BOOKMARK [1][-]{section.20.2}{Surfaces}{chapter.20}% 241
\BOOKMARK [2][-]{subsection.20.2.1}{Tangent vectors}{section.20.2}% 242
\BOOKMARK [2][-]{subsection.20.2.2}{First fundamental form}{section.20.2}% 243
\BOOKMARK [2][-]{subsection.20.2.3}{Isometries}{section.20.2}% 244
\BOOKMARK [2][-]{subsection.20.2.4}{Second fundamental form}{section.20.2}% 245
\BOOKMARK [2][-]{subsection.20.2.5}{Curvature of a surface}{section.20.2}% 246
\BOOKMARK [2][-]{subsection.20.2.6}{Christoffel symbols and geodesics}{section.20.2}% 247
\BOOKMARK [2][-]{subsection.20.2.7}{Theorema Egregium}{section.20.2}% 248
\BOOKMARK [0][-]{chapter.21}{Manifolds}{part.4}% 249
\BOOKMARK [1][-]{section.21.1}{Charts}{chapter.21}% 250
\BOOKMARK [1][-]{section.21.2}{Tangent vectors}{chapter.21}% 251
\BOOKMARK [1][-]{section.21.3}{Curvature}{chapter.21}% 252
\BOOKMARK [1][-]{section.21.4}{Submanifolds}{chapter.21}% 253
\BOOKMARK [1][-]{section.21.5}{Manifolds with boundary}{chapter.21}% 254
\BOOKMARK [0][-]{chapter.22}{Lie groups and Lie algebras}{part.4}% 255
\BOOKMARK [1][-]{section.22.1}{Lie groups}{chapter.22}% 256
\BOOKMARK [2][-]{subsection.22.1.1}{Left invariant vector fields}{section.22.1}% 257
\BOOKMARK [2][-]{subsection.22.1.2}{One-parameter subgroups}{section.22.1}% 258
\BOOKMARK [2][-]{subsection.22.1.3}{Cocycles}{section.22.1}% 259
\BOOKMARK [1][-]{section.22.2}{Lie algebras}{chapter.22}% 260
\BOOKMARK [2][-]{subsection.22.2.1}{Definitions}{section.22.2}% 261
\BOOKMARK [2][-]{subsection.22.2.2}{Examples}{section.22.2}% 262
\BOOKMARK [2][-]{subsection.22.2.3}{Exponential map}{section.22.2}% 263
\BOOKMARK [2][-]{subsection.22.2.4}{Structure}{section.22.2}% 264
\BOOKMARK [2][-]{subsection.22.2.5}{Killing form}{section.22.2}% 265
\BOOKMARK [2][-]{subsection.22.2.6}{Universal enveloping algebra}{section.22.2}% 266
\BOOKMARK [2][-]{subsection.22.2.7}{Poisson algebras and Lie superalgebras}{section.22.2}% 267
\BOOKMARK [0][-]{chapter.23}{Representation Theory}{part.4}% 268
\BOOKMARK [1][-]{section.23.1}{Group representations}{chapter.23}% 269
\BOOKMARK [1][-]{section.23.2}{Irreducible representations}{chapter.23}% 270
\BOOKMARK [1][-]{section.23.3}{Lie group representations}{chapter.23}% 271
\BOOKMARK [1][-]{section.23.4}{Lie algebra representations}{chapter.23}% 272
\BOOKMARK [0][-]{chapter.24}{Bundle theory}{part.4}% 273
\BOOKMARK [1][-]{section.24.1}{Fibre bundles}{chapter.24}% 274
\BOOKMARK [2][-]{subsection.24.1.1}{Sections}{section.24.1}% 275
\BOOKMARK [2][-]{subsection.24.1.2}{Jet bundles}{section.24.1}% 276
\BOOKMARK [1][-]{section.24.2}{Principal bundles}{chapter.24}% 277
\BOOKMARK [2][-]{subsection.24.2.1}{Sections}{section.24.2}% 278
\BOOKMARK [1][-]{section.24.3}{Vector bundles}{chapter.24}% 279
\BOOKMARK [2][-]{subsection.24.3.1}{Tangent bundles}{section.24.3}% 280
\BOOKMARK [2][-]{subsection.24.3.2}{Vector bundles}{section.24.3}% 281
\BOOKMARK [2][-]{subsection.24.3.3}{Sections}{section.24.3}% 282
\BOOKMARK [2][-]{subsection.24.3.4}{Metric}{section.24.3}% 283
\BOOKMARK [2][-]{subsection.24.3.5}{Hilbert bundles}{section.24.3}% 284
\BOOKMARK [1][-]{section.24.4}{Vector fields}{chapter.24}% 285
\BOOKMARK [2][-]{subsection.24.4.1}{Integral curves}{section.24.4}% 286
\BOOKMARK [2][-]{subsection.24.4.2}{Lie derivative}{section.24.4}% 287
\BOOKMARK [2][-]{subsection.24.4.3}{Frobenius theorem}{section.24.4}% 288
\BOOKMARK [1][-]{section.24.5}{Differential \040-forms}{chapter.24}% 289
\BOOKMARK [2][-]{subsection.24.5.1}{Exterior derivative}{section.24.5}% 290
\BOOKMARK [2][-]{subsection.24.5.2}{Lie derivative}{section.24.5}% 291
\BOOKMARK [2][-]{subsection.24.5.3}{Interior product}{section.24.5}% 292
\BOOKMARK [2][-]{subsection.24.5.4}{de Rham Cohomology}{section.24.5}% 293
\BOOKMARK [2][-]{subsection.24.5.5}{Vector-valued differential forms}{section.24.5}% 294
\BOOKMARK [1][-]{section.24.6}{Connections}{chapter.24}% 295
\BOOKMARK [2][-]{subsection.24.6.1}{Vertical bundle}{section.24.6}% 296
\BOOKMARK [2][-]{subsection.24.6.2}{Horizontal bundle}{section.24.6}% 297
\BOOKMARK [2][-]{subsection.24.6.3}{Ehresmann connection}{section.24.6}% 298
\BOOKMARK [2][-]{subsection.24.6.4}{Maurer-Cartan form}{section.24.6}% 299
\BOOKMARK [2][-]{subsection.24.6.5}{Horizontal lifts and parallel transport}{section.24.6}% 300
\BOOKMARK [2][-]{subsection.24.6.6}{Koszul connections and covariant derivatives}{section.24.6}% 301
\BOOKMARK [2][-]{subsection.24.6.7}{Curvature of a connection}{section.24.6}% 302
\BOOKMARK [0][-]{chapter.25}{Integration theory and symplectic manifolds}{part.4}% 303
\BOOKMARK [1][-]{section.25.1}{Integration on manifolds}{chapter.25}% 304
\BOOKMARK [2][-]{subsection.25.1.1}{Orientation}{section.25.1}% 305
\BOOKMARK [2][-]{subsection.25.1.2}{Integration of top-dimensional forms}{section.25.1}% 306
\BOOKMARK [2][-]{subsection.25.1.3}{Stokes' theorem}{section.25.1}% 307
\BOOKMARK [2][-]{subsection.25.1.4}{de Rham Cohomology}{section.25.1}% 308
\BOOKMARK [0][-]{chapter.26}{Symplectic manifolds}{part.4}% 309
\BOOKMARK [1][-]{section.26.1}{Symplectic form}{chapter.26}% 310
\BOOKMARK [-1][-]{part.5}{V Statistics}{}% 311
\BOOKMARK [0][-]{chapter.27}{Propability}{part.5}% 312
\BOOKMARK [1][-]{section.27.1}{Propability}{chapter.27}% 313
\BOOKMARK [1][-]{section.27.2}{Conditional propability}{chapter.27}% 314
\BOOKMARK [1][-]{section.27.3}{Random variables}{chapter.27}% 315
\BOOKMARK [1][-]{section.27.4}{Propability distribution}{chapter.27}% 316
\BOOKMARK [1][-]{section.27.5}{Moments}{chapter.27}% 317
\BOOKMARK [2][-]{subsection.27.5.1}{Expectation value}{section.27.5}% 318
\BOOKMARK [2][-]{subsection.27.5.2}{Correlation}{section.27.5}% 319
\BOOKMARK [2][-]{subsection.27.5.3}{Conditional expectation}{section.27.5}% 320
\BOOKMARK [1][-]{section.27.6}{Joint distributions}{chapter.27}% 321
\BOOKMARK [2][-]{subsection.27.6.1}{Independence}{section.27.6}% 322
\BOOKMARK [2][-]{subsection.27.6.2}{Conditional propability}{section.27.6}% 323
\BOOKMARK [0][-]{chapter.28}{Statistics}{part.5}% 324
\BOOKMARK [1][-]{section.28.1}{Data sample}{chapter.28}% 325
\BOOKMARK [2][-]{subsection.28.1.1}{Moment}{section.28.1}% 326
\BOOKMARK [2][-]{subsection.28.1.2}{Average}{section.28.1}% 327
\BOOKMARK [2][-]{subsection.28.1.3}{Dispersion}{section.28.1}% 328
\BOOKMARK [2][-]{subsection.28.1.4}{Multivariate datasets}{section.28.1}% 329
\BOOKMARK [1][-]{section.28.2}{Law of large numbers}{chapter.28}% 330
\BOOKMARK [1][-]{section.28.3}{Propability densities}{chapter.28}% 331
\BOOKMARK [2][-]{subsection.28.3.1}{Theoretical moments}{section.28.3}% 332
\BOOKMARK [2][-]{subsection.28.3.2}{Function of a random variable}{section.28.3}% 333
\BOOKMARK [2][-]{subsection.28.3.3}{Multivariate distributions}{section.28.3}% 334
\BOOKMARK [2][-]{subsection.28.3.4}{Important distributions}{section.28.3}% 335
\BOOKMARK [1][-]{section.28.4}{Central limit theorem \(CLT\)}{chapter.28}% 336
\BOOKMARK [2][-]{subsection.28.4.1}{Distribution of sample mean}{section.28.4}% 337
\BOOKMARK [1][-]{section.28.5}{Errors}{chapter.28}% 338
\BOOKMARK [2][-]{subsection.28.5.1}{Different measurement types}{section.28.5}% 339
\BOOKMARK [2][-]{subsection.28.5.2}{Propagation of errors}{section.28.5}% 340
\BOOKMARK [2][-]{subsection.28.5.3}{Systematic errors}{section.28.5}% 341
\BOOKMARK [1][-]{section.28.6}{Estimators}{chapter.28}% 342
\BOOKMARK [2][-]{subsection.28.6.1}{General properties}{section.28.6}% 343
\BOOKMARK [2][-]{subsection.28.6.2}{Fundamental estimators}{section.28.6}% 344
\BOOKMARK [2][-]{subsection.28.6.3}{Estimation error}{section.28.6}% 345
\BOOKMARK [2][-]{subsection.28.6.4}{Likelihood function}{section.28.6}% 346
\BOOKMARK [2][-]{subsection.28.6.5}{Maximum likelihood estimator}{section.28.6}% 347
\BOOKMARK [2][-]{subsection.28.6.6}{Least squares}{section.28.6}% 348
\BOOKMARK [2][-]{subsection.28.6.7}{Binned least squares}{section.28.6}% 349
\BOOKMARK [1][-]{section.28.7}{Confidence}{chapter.28}% 350
\BOOKMARK [2][-]{subsection.28.7.1}{Interval types}{section.28.7}% 351
\BOOKMARK [2][-]{subsection.28.7.2}{General construction}{section.28.7}% 352
\BOOKMARK [2][-]{subsection.28.7.3}{Extra conditions}{section.28.7}% 353
\BOOKMARK [2][-]{subsection.28.7.4}{Interval for a sample mean}{section.28.7}% 354
\BOOKMARK [2][-]{subsection.28.7.5}{Confidence region}{section.28.7}% 355
\BOOKMARK [1][-]{section.28.8}{Hypotheses and testing}{chapter.28}% 356
\BOOKMARK [2][-]{subsection.28.8.1}{Hypothesis}{section.28.8}% 357
\BOOKMARK [2][-]{subsection.28.8.2}{Testing}{section.28.8}% 358
\BOOKMARK [2][-]{subsection.28.8.3}{Confindence intervals and decisions}{section.28.8}% 359
\BOOKMARK [1][-]{section.28.9}{Goodness of fit}{chapter.28}% 360
\BOOKMARK [2][-]{subsection.28.9.1}{ -test}{section.28.9}% 361
\BOOKMARK [2][-]{subsection.28.9.2}{Runs test}{section.28.9}% 362
\BOOKMARK [2][-]{subsection.28.9.3}{Kolmogorov test}{section.28.9}% 363
\BOOKMARK [-1][-]{part.6}{VI Classical mechanics}{}% 364
\BOOKMARK [0][-]{chapter.29}{Equations of motion}{part.6}% 365
\BOOKMARK [1][-]{section.29.1}{General quantities}{chapter.29}% 366
\BOOKMARK [2][-]{subsection.29.1.1}{Linear quantities}{section.29.1}% 367
\BOOKMARK [2][-]{subsection.29.1.2}{Angular quantities}{section.29.1}% 368
\BOOKMARK [1][-]{section.29.2}{Central force}{chapter.29}% 369
\BOOKMARK [1][-]{section.29.3}{Kepler problem}{chapter.29}% 370
\BOOKMARK [2][-]{subsection.29.3.1}{Gravity}{section.29.3}% 371
\BOOKMARK [1][-]{section.29.4}{Harmonic oscillator}{chapter.29}% 372
\BOOKMARK [0][-]{chapter.30}{Lagrangian and Hamiltonian formalism}{part.6}% 373
\BOOKMARK [1][-]{section.30.1}{Euler-Lagrange equations }{chapter.30}% 374
\BOOKMARK [1][-]{section.30.2}{Conservation laws and symmetry properties}{chapter.30}% 375
\BOOKMARK [1][-]{section.30.3}{Hamilton's equations}{chapter.30}% 376
\BOOKMARK [1][-]{section.30.4}{Hamilton-Jacobi equation}{chapter.30}% 377
\BOOKMARK [2][-]{subsection.30.4.1}{Canonical transformations}{section.30.4}% 378
\BOOKMARK [2][-]{subsection.30.4.2}{St\344ckel potential}{section.30.4}% 379
\BOOKMARK [1][-]{section.30.5}{Phase space}{chapter.30}% 380
\BOOKMARK [1][-]{section.30.6}{Relativistic action}{chapter.30}% 381
\BOOKMARK [0][-]{chapter.31}{Optics}{part.6}% 382
\BOOKMARK [1][-]{section.31.1}{General}{chapter.31}% 383
\BOOKMARK [2][-]{subsection.31.1.1}{Conservation of energy}{section.31.1}% 384
\BOOKMARK [2][-]{subsection.31.1.2}{Photon}{section.31.1}% 385
\BOOKMARK [1][-]{section.31.2}{Plane wave}{chapter.31}% 386
\BOOKMARK [1][-]{section.31.3}{Refraction}{chapter.31}% 387
\BOOKMARK [1][-]{section.31.4}{Absorption}{chapter.31}% 388
\BOOKMARK [1][-]{section.31.5}{Diffraction}{chapter.31}% 389
\BOOKMARK [0][-]{chapter.32}{Astronomy}{part.6}% 390
\BOOKMARK [1][-]{section.32.1}{Ellipsoidal coordinates}{chapter.32}% 391
\BOOKMARK [2][-]{subsection.32.1.1}{Ellipsoid}{section.32.1}% 392
\BOOKMARK [2][-]{subsection.32.1.2}{One-sheet hyperboloid}{section.32.1}% 393
\BOOKMARK [2][-]{subsection.32.1.3}{Two-sheet hyperboloid}{section.32.1}% 394
\BOOKMARK [2][-]{subsection.32.1.4}{Hamiltonian function}{section.32.1}% 395
\BOOKMARK [2][-]{subsection.32.1.5}{Hamilton-Jacobi equation}{section.32.1}% 396
\BOOKMARK [-1][-]{part.7}{VII Electromagnetism}{}% 397
\BOOKMARK [0][-]{chapter.33}{Electricity}{part.7}% 398
\BOOKMARK [1][-]{section.33.1}{Resistance \040}{chapter.33}% 399
\BOOKMARK [2][-]{subsection.33.1.1}{Conductivity}{section.33.1}% 400
\BOOKMARK [2][-]{subsection.33.1.2}{Current density}{section.33.1}% 401
\BOOKMARK [2][-]{subsection.33.1.3}{Pouillet's law}{section.33.1}% 402
\BOOKMARK [1][-]{section.33.2}{Ohm's law}{chapter.33}% 403
\BOOKMARK [1][-]{section.33.3}{Capacitance \040}{chapter.33}% 404
\BOOKMARK [1][-]{section.33.4}{Electric dipole}{chapter.33}% 405
\BOOKMARK [0][-]{chapter.34}{Magnetism}{part.7}% 406
\BOOKMARK [1][-]{section.34.1}{Magnetic field}{chapter.34}% 407
\BOOKMARK [2][-]{subsection.34.1.1}{Magnetizing field \040}{section.34.1}% 408
\BOOKMARK [2][-]{subsection.34.1.2}{Magnetization \040}{section.34.1}% 409
\BOOKMARK [2][-]{subsection.34.1.3}{Magnetic induction \040}{section.34.1}% 410
\BOOKMARK [2][-]{subsection.34.1.4}{Tensorial formulation}{section.34.1}% 411
\BOOKMARK [1][-]{section.34.2}{Magnetic multipoles}{chapter.34}% 412
\BOOKMARK [2][-]{subsection.34.2.1}{Dipole}{section.34.2}% 413
\BOOKMARK [1][-]{section.34.3}{Electric charges in a magnetic field}{chapter.34}% 414
\BOOKMARK [2][-]{subsection.34.3.1}{Cyclotron}{section.34.3}% 415
\BOOKMARK [0][-]{chapter.35}{Maxwell equations}{part.7}% 416
\BOOKMARK [1][-]{section.35.1}{Lorentz force}{chapter.35}% 417
\BOOKMARK [1][-]{section.35.2}{Differential Maxwell equations}{chapter.35}% 418
\BOOKMARK [1][-]{section.35.3}{Potentials}{chapter.35}% 419
\BOOKMARK [2][-]{subsection.35.3.1}{Decomposition in potentials}{section.35.3}% 420
\BOOKMARK [2][-]{subsection.35.3.2}{Conditions}{section.35.3}% 421
\BOOKMARK [2][-]{subsection.35.3.3}{Gauge transformations}{section.35.3}% 422
\BOOKMARK [2][-]{subsection.35.3.4}{Lorenz gauge}{section.35.3}% 423
\BOOKMARK [1][-]{section.35.4}{Energy and momentum}{chapter.35}% 424
\BOOKMARK [0][-]{chapter.36}{Fluid mechanics}{part.7}% 425
\BOOKMARK [1][-]{section.36.1}{Material derivative}{chapter.36}% 426
\BOOKMARK [1][-]{section.36.2}{Liouville's theorem}{chapter.36}% 427
\BOOKMARK [1][-]{section.36.3}{Continuity equation}{chapter.36}% 428
\BOOKMARK [1][-]{section.36.4}{Cauchy stress tensor}{chapter.36}% 429
\BOOKMARK [-1][-]{part.8}{VIII Relativistic Mechanics}{}% 430
\BOOKMARK [0][-]{chapter.37}{Special relativity}{part.8}% 431
\BOOKMARK [1][-]{section.37.1}{Lortenz transformations}{chapter.37}% 432
\BOOKMARK [1][-]{section.37.2}{Energy and momentum}{chapter.37}% 433
\BOOKMARK [0][-]{chapter.38}{General Relativity}{part.8}% 434
\BOOKMARK [1][-]{section.38.1}{Einstein field equations}{chapter.38}% 435
\BOOKMARK [1][-]{section.38.2}{Schwarzschild metric}{chapter.38}% 436
\BOOKMARK [-1][-]{part.9}{IX Quantum Mechanics}{}% 437
\BOOKMARK [0][-]{chapter.39}{Schr\366dinger equation}{part.9}% 438
\BOOKMARK [1][-]{section.39.1}{One dimension}{chapter.39}% 439
\BOOKMARK [2][-]{subsection.39.1.1}{Time independent Schr\366dinger equation \(TISE\)}{section.39.1}% 440
\BOOKMARK [2][-]{subsection.39.1.2}{Time dependent Schr\366dinger equation \(TDSE\)}{section.39.1}% 441
\BOOKMARK [0][-]{chapter.40}{Mathematical formalism}{part.9}% 442
\BOOKMARK [1][-]{section.40.1}{Postulates}{chapter.40}% 443
\BOOKMARK [2][-]{subsection.40.1.1}{Postulate 6: eigenfunction expansion}{section.40.1}% 444
\BOOKMARK [1][-]{section.40.2}{Uncertainty relations}{chapter.40}% 445
\BOOKMARK [1][-]{section.40.3}{Matrix representation}{chapter.40}% 446
\BOOKMARK [1][-]{section.40.4}{Slater determinants}{chapter.40}% 447
\BOOKMARK [0][-]{chapter.41}{Angular Momentum}{part.9}% 448
\BOOKMARK [1][-]{section.41.1}{General operator}{chapter.41}% 449
\BOOKMARK [1][-]{section.41.2}{Rotations}{chapter.41}% 450
\BOOKMARK [2][-]{subsection.41.2.1}{Infinitesimal rotation}{section.41.2}% 451
\BOOKMARK [2][-]{subsection.41.2.2}{Spinor-representation}{section.41.2}% 452
\BOOKMARK [1][-]{section.41.3}{Coupling of angular momenta}{chapter.41}% 453
\BOOKMARK [2][-]{subsection.41.3.1}{Total Hilbert space}{section.41.3}% 454
\BOOKMARK [2][-]{subsection.41.3.2}{Clebsch-Gordan series}{section.41.3}% 455
\BOOKMARK [0][-]{chapter.42}{Dirac equation}{part.9}% 456
\BOOKMARK [1][-]{section.42.1}{Dirac equation}{chapter.42}% 457
\BOOKMARK [0][-]{chapter.43}{Perturbation theory}{part.9}% 458
\BOOKMARK [1][-]{section.43.1}{Rayleigh-Schr\366dinger perturbation theory}{chapter.43}% 459
\BOOKMARK [1][-]{section.43.2}{Time-dependent perturbation theory}{chapter.43}% 460
\BOOKMARK [2][-]{subsection.43.2.1}{Dyson series}{section.43.2}% 461
\BOOKMARK [1][-]{section.43.3}{Variational method}{chapter.43}% 462
\BOOKMARK [1][-]{section.43.4}{Adiabatic approximation}{chapter.43}% 463
\BOOKMARK [2][-]{subsection.43.4.1}{Berry phase}{section.43.4}% 464
\BOOKMARK [0][-]{chapter.44}{Scattering theory}{part.9}% 465
\BOOKMARK [1][-]{section.44.1}{Cross section}{chapter.44}% 466
\BOOKMARK [2][-]{subsection.44.1.1}{Fermi's golden rule}{section.44.1}% 467
\BOOKMARK [1][-]{section.44.2}{Lippman-Schwinger equations}{chapter.44}% 468
\BOOKMARK [0][-]{chapter.45}{Entanglement \046 Quantum computing}{part.9}% 469
\BOOKMARK [1][-]{section.45.1}{Bipartite systems}{chapter.45}% 470
\BOOKMARK [2][-]{subsection.45.1.1}{Marginal density operators}{section.45.1}% 471
\BOOKMARK [0][-]{chapter.46}{Quantum Field Theory}{part.9}% 472
\BOOKMARK [1][-]{section.46.1}{Noether's theorem}{chapter.46}% 473
\BOOKMARK [1][-]{section.46.2}{Klein-Gordon Field}{chapter.46}% 474
\BOOKMARK [2][-]{subsection.46.2.1}{Lagrangian and Hamiltonian}{section.46.2}% 475
\BOOKMARK [2][-]{subsection.46.2.2}{Raising and lowering operators}{section.46.2}% 476
\BOOKMARK [2][-]{subsection.46.2.3}{Complex scalar fields}{section.46.2}% 477
\BOOKMARK [1][-]{section.46.3}{Lorentz invariant integrals}{chapter.46}% 478
\BOOKMARK [1][-]{section.46.4}{Wick's theorem}{chapter.46}% 479
\BOOKMARK [2][-]{subsection.46.4.1}{Bosonic fields}{section.46.4}% 480
\BOOKMARK [2][-]{subsection.46.4.2}{Fermionic fields}{section.46.4}% 481
\BOOKMARK [1][-]{section.46.5}{Axiomatic approach}{chapter.46}% 482
\BOOKMARK [2][-]{subsection.46.5.1}{Wightman axioms}{section.46.5}% 483
\BOOKMARK [-1][-]{part.10}{X Thermal physics \046 Statistical mechanics}{}% 484
\BOOKMARK [0][-]{chapter.47}{Thermodynamics}{part.10}% 485
\BOOKMARK [1][-]{section.47.1}{General definitions}{chapter.47}% 486
\BOOKMARK [1][-]{section.47.2}{Postulates}{chapter.47}% 487
\BOOKMARK [1][-]{section.47.3}{Gases}{chapter.47}% 488
\BOOKMARK [2][-]{subsection.47.3.1}{Ideal gases}{section.47.3}% 489
\BOOKMARK [0][-]{chapter.48}{Statistical mechanics}{part.10}% 490
\BOOKMARK [1][-]{section.48.1}{Axioms}{chapter.48}% 491
\BOOKMARK [1][-]{section.48.2}{Temperature}{chapter.48}% 492
\BOOKMARK [1][-]{section.48.3}{Maxwell-Boltzmann statistics}{chapter.48}% 493
\BOOKMARK [1][-]{section.48.4}{Grand canonical system}{chapter.48}% 494
\BOOKMARK [1][-]{section.48.5}{Energy}{chapter.48}% 495
\BOOKMARK [0][-]{chapter.49}{Photon gas}{part.10}% 496
\BOOKMARK [1][-]{section.49.1}{Black-body radiation}{chapter.49}% 497
\BOOKMARK [-1][-]{part.11}{XI Material physics}{}% 498
\BOOKMARK [0][-]{chapter.50}{Material physics}{part.11}% 499
\BOOKMARK [1][-]{section.50.1}{Crystals}{chapter.50}% 500
\BOOKMARK [2][-]{subsection.50.1.1}{Analytic representation}{section.50.1}% 501
\BOOKMARK [1][-]{section.50.2}{Symmetries}{chapter.50}% 502
\BOOKMARK [1][-]{section.50.3}{Crystal lattice}{chapter.50}% 503
\BOOKMARK [2][-]{subsection.50.3.1}{Bravais lattice}{section.50.3}% 504
\BOOKMARK [2][-]{subsection.50.3.2}{Reciprocal lattice}{section.50.3}% 505
\BOOKMARK [1][-]{section.50.4}{Diffraction}{chapter.50}% 506
\BOOKMARK [2][-]{subsection.50.4.1}{Constructive interference}{section.50.4}% 507
\BOOKMARK [2][-]{subsection.50.4.2}{Intensity of diffracted beams}{section.50.4}% 508
\BOOKMARK [1][-]{section.50.5}{Alloys}{chapter.50}% 509
\BOOKMARK [2][-]{subsection.50.5.1}{Hume-Rothery conditions}{section.50.5}% 510
\BOOKMARK [1][-]{section.50.6}{Lattice defects}{chapter.50}% 511
\BOOKMARK [2][-]{subsection.50.6.1}{Point defects}{section.50.6}% 512
\BOOKMARK [1][-]{section.50.7}{Electrical properties}{chapter.50}% 513
\BOOKMARK [2][-]{subsection.50.7.1}{Charge carriers}{section.50.7}% 514
\BOOKMARK [2][-]{subsection.50.7.2}{Band structure}{section.50.7}% 515
\BOOKMARK [2][-]{subsection.50.7.3}{Intrinsic semiconductors}{section.50.7}% 516
\BOOKMARK [2][-]{subsection.50.7.4}{Extrinsic semiconductors}{section.50.7}% 517
\BOOKMARK [2][-]{subsection.50.7.5}{Ferroelectricity}{section.50.7}% 518
\BOOKMARK [1][-]{section.50.8}{Magnetic properties}{chapter.50}% 519
\BOOKMARK [2][-]{subsection.50.8.1}{Paramagnetism}{section.50.8}% 520
\BOOKMARK [2][-]{subsection.50.8.2}{Ferromagnetism}{section.50.8}% 521
\BOOKMARK [2][-]{subsection.50.8.3}{Antiferromagnetism}{section.50.8}% 522
\BOOKMARK [2][-]{subsection.50.8.4}{Ferrimagnetism}{section.50.8}% 523
\BOOKMARK [1][-]{section.50.9}{Mathematical description}{chapter.50}% 524
\BOOKMARK [-1][-]{part.12}{XII Appendices}{}% 525
\BOOKMARK [0][-]{Appendix.1.A}{Appendix Derivations: Mathematics}{part.12}% 526
\BOOKMARK [1][-]{section.1.A.1}{Linear algebra}{Appendix.1.A}% 527
\BOOKMARK [2][-]{subsection.1.A.1.1}{Explanation for property 14.2.10}{section.1.A.1}% 528
\BOOKMARK [2][-]{subsection.1.A.1.2}{Proof for the equality of definitions 18.3.14 and 18.3.15}{section.1.A.1}% 529
\BOOKMARK [1][-]{section.1.A.2}{Vector fields \046 differential forms}{Appendix.1.A}% 530
\BOOKMARK [2][-]{subsection.1.A.2.1}{Explanation for example 24.4.11}{section.1.A.2}% 531
\BOOKMARK [2][-]{subsection.1.A.2.2}{Explanation for formula 24.4.12}{section.1.A.2}% 532
\BOOKMARK [2][-]{subsection.1.A.2.3}{Explanation for remark 24.5.10}{section.1.A.2}% 533
\BOOKMARK [0][-]{Appendix.1.B}{Appendix Derivations: Lagrangian formalism}{part.12}% 534
\BOOKMARK [1][-]{section.1.B.1}{d'Alembert's principle}{Appendix.1.B}% 535
\BOOKMARK [1][-]{section.1.B.2}{Hamilton's principle}{Appendix.1.B}% 536
\BOOKMARK [1][-]{section.1.B.3}{Explanation for Noether's theorem 46.1.1}{Appendix.1.B}% 537
\BOOKMARK [0][-]{Appendix.1.C}{Appendix Derivations: Optics and material physics}{part.12}% 538
\BOOKMARK [1][-]{section.1.C.1}{Optics}{Appendix.1.C}% 539
\BOOKMARK [2][-]{subsection.1.C.1.1}{Law of Lambert-Beer 31.9}{section.1.C.1}% 540
\BOOKMARK [0][-]{Appendix.1.D}{Appendix Derivations: Classical and Statistical Mechanics}{part.12}% 541
\BOOKMARK [1][-]{section.1.D.1}{Moments of inertia}{Appendix.1.D}% 542
\BOOKMARK [2][-]{subsection.1.D.1.1}{Disk}{section.1.D.1}% 543
\BOOKMARK [2][-]{subsection.1.D.1.2}{Solid sphere}{section.1.D.1}% 544
\BOOKMARK [1][-]{section.1.D.2}{Schottky defects}{Appendix.1.D}% 545
\BOOKMARK [0][-]{Appendix.1.E}{Appendix Units and symbols}{part.12}% 546
